Build started 2/17/2017 12:48:08 PM.
     1>Project "D:\Projects\UALR\Research\Experiments\Particles\CudaParticlesRender\CudaParticlesRender\CudaParticlesRender.vcxproj" on node 2 (Rebuild target(s)).
     1>CudaClean:
         cmd.exe /C "C:\Users\islam\AppData\Local\Temp\tmpa9ba4d395ef84fb39c212e4664376983.cmd"
         "C:\Program Files\NVIDIA GPU Computing Toolkit\CUDA\v7.5\bin\nvcc.exe" -ccbin "C:\Program Files (x86)\Microsoft Visual Studio 12.0\VC\bin\x86_amd64"  -ID:\dev\glm\include -ID:\dev\cudnn\include -ID:\dev\glfw\include -ID:\dev\glew\include -I"C:\Program Files\NVIDIA GPU Computing Toolkit\CUDA\v7.5\include" -I"C:\Program Files\NVIDIA GPU Computing Toolkit\CUDA\v7.5\include" -I"C:\Program Files\NVIDIA GPU Computing Toolkit\CUDA\v7.5\include"     --keep-dir x64\Release -maxrregcount=0  --machine 64 --compile      -D_MBCS -Xcompiler "/EHsc /W3 /nologo /O2 /Zi  /MD " -o D:\Projects\UALR\Research\Experiments\Particles\CudaParticlesRender\CudaParticlesRender\x64\Release\source.cu.obj "D:\Projects\UALR\Research\Experiments\Particles\CudaParticlesRender\CudaParticlesRender\source.cu" -clean
         
         D:\Projects\UALR\Research\Experiments\Particles\CudaParticlesRender\CudaParticlesRender>"C:\Program Files\NVIDIA GPU Computing Toolkit\CUDA\v7.5\bin\nvcc.exe" -ccbin "C:\Program Files (x86)\Microsoft Visual Studio 12.0\VC\bin\x86_amd64"  -ID:\dev\glm\include -ID:\dev\cudnn\include -ID:\dev\glfw\include -ID:\dev\glew\include -I"C:\Program Files\NVIDIA GPU Computing Toolkit\CUDA\v7.5\include" -I"C:\Program Files\NVIDIA GPU Computing Toolkit\CUDA\v7.5\include" -I"C:\Program Files\NVIDIA GPU Computing Toolkit\CUDA\v7.5\include"     --keep-dir x64\Release -maxrregcount=0  --machine 64 --compile      -D_MBCS -Xcompiler "/EHsc /W3 /nologo /O2 /Zi  /MD " -o D:\Projects\UALR\Research\Experiments\Particles\CudaParticlesRender\CudaParticlesRender\x64\Release\source.cu.obj "D:\Projects\UALR\Research\Experiments\Particles\CudaParticlesRender\CudaParticlesRender\source.cu" -clean 
         source.cu
       AddCudaCompileDeps:
         C:\Program Files (x86)\Microsoft Visual Studio 12.0\VC\bin\x86_amd64\cl.exe /E /nologo /showIncludes /TP /D__CUDACC__ /D_MBCS /ID:\dev\glm\include /ID:\dev\cudnn\include /ID:\dev\glfw\include /ID:\dev\glew\include /I"C:\Program Files\NVIDIA GPU Computing Toolkit\CUDA\v7.5\include" /I"C:\Program Files\NVIDIA GPU Computing Toolkit\CUDA\v7.5\include" /I"C:\Program Files\NVIDIA GPU Computing Toolkit\CUDA\v7.5\bin" /I"C:\Program Files\NVIDIA GPU Computing Toolkit\CUDA\v7.5\include" /I. /FIcuda_runtime.h /c D:\Projects\UALR\Research\Experiments\Particles\CudaParticlesRender\CudaParticlesRender\source.cu 
       CudaBuild:
         Compiling CUDA source file source.cu...
         cmd.exe /C "C:\Users\islam\AppData\Local\Temp\tmp862f5b2454b94eb6a618a2a37075eb17.cmd"
         "C:\Program Files\NVIDIA GPU Computing Toolkit\CUDA\v7.5\bin\nvcc.exe" -gencode=arch=compute_20,code=\"sm_20,compute_20\" --use-local-env --cl-version 2013 -ccbin "C:\Program Files (x86)\Microsoft Visual Studio 12.0\VC\bin\x86_amd64"  -ID:\dev\glm\include -ID:\dev\cudnn\include -ID:\dev\glfw\include -ID:\dev\glew\include -I"C:\Program Files\NVIDIA GPU Computing Toolkit\CUDA\v7.5\include" -I"C:\Program Files\NVIDIA GPU Computing Toolkit\CUDA\v7.5\include" -I"C:\Program Files\NVIDIA GPU Computing Toolkit\CUDA\v7.5\include"     --keep-dir x64\Release -maxrregcount=0  --machine 64 --compile -cudart static     -D_MBCS -Xcompiler "/EHsc /W3 /nologo /O2 /Zi  /MD " -o D:\Projects\UALR\Research\Experiments\Particles\CudaParticlesRender\CudaParticlesRender\x64\Release\source.cu.obj "D:\Projects\UALR\Research\Experiments\Particles\CudaParticlesRender\CudaParticlesRender\source.cu"
         
         D:\Projects\UALR\Research\Experiments\Particles\CudaParticlesRender\CudaParticlesRender>"C:\Program Files\NVIDIA GPU Computing Toolkit\CUDA\v7.5\bin\nvcc.exe" -gencode=arch=compute_20,code=\"sm_20,compute_20\" --use-local-env --cl-version 2013 -ccbin "C:\Program Files (x86)\Microsoft Visual Studio 12.0\VC\bin\x86_amd64"  -ID:\dev\glm\include -ID:\dev\cudnn\include -ID:\dev\glfw\include -ID:\dev\glew\include -I"C:\Program Files\NVIDIA GPU Computing Toolkit\CUDA\v7.5\include" -I"C:\Program Files\NVIDIA GPU Computing Toolkit\CUDA\v7.5\include" -I"C:\Program Files\NVIDIA GPU Computing Toolkit\CUDA\v7.5\include"     --keep-dir x64\Release -maxrregcount=0  --machine 64 --compile -cudart static     -D_MBCS -Xcompiler "/EHsc /W3 /nologo /O2 /Zi  /MD " -o D:\Projects\UALR\Research\Experiments\Particles\CudaParticlesRender\CudaParticlesRender\x64\Release\source.cu.obj "D:\Projects\UALR\Research\Experiments\Particles\CudaParticlesRender\CudaParticlesRender\source.cu" 
     1>D:/Projects/UALR/Research/Experiments/Particles/CudaParticlesRender/CudaParticlesRender/source.cu(176): warning : variable "vertex_shader" was declared but never referenced
     1>D:/Projects/UALR/Research/Experiments/Particles/CudaParticlesRender/CudaParticlesRender/source.cu(177): warning : variable "fragment_shader" was declared but never referenced
     1>D:/Projects/UALR/Research/Experiments/Particles/CudaParticlesRender/CudaParticlesRender/source.cu(180): warning : variable "j" was declared but never referenced
     1>d:\dev\glm\include\glm\gtc\matrix_transform.inl(236): warning : calling a __host__ function from a __host__ __device__ function is not allowed
     1>D:/Projects/UALR/Research/Experiments/Particles/CudaParticlesRender/CudaParticlesRender/source.cu(176): warning : variable "vertex_shader" was declared but never referenced
     1>D:/Projects/UALR/Research/Experiments/Particles/CudaParticlesRender/CudaParticlesRender/source.cu(177): warning : variable "fragment_shader" was declared but never referenced
     1>D:/Projects/UALR/Research/Experiments/Particles/CudaParticlesRender/CudaParticlesRender/source.cu(180): warning : variable "j" was declared but never referenced
         source.cu
     1>D:/Projects/UALR/Research/Experiments/Particles/CudaParticlesRender/CudaParticlesRender/source.cu(54): warning C4244: 'initializing' : conversion from 'double' to 'float', possible loss of data
     1>D:/Projects/UALR/Research/Experiments/Particles/CudaParticlesRender/CudaParticlesRender/source.cu(55): warning C4244: 'initializing' : conversion from 'double' to 'float', possible loss of data
     1>D:/Projects/UALR/Research/Experiments/Particles/CudaParticlesRender/CudaParticlesRender/source.cu(56): warning C4244: 'initializing' : conversion from 'double' to 'float', possible loss of data
     1>D:/Projects/UALR/Research/Experiments/Particles/CudaParticlesRender/CudaParticlesRender/source.cu(217): warning C4305: 'argument' : truncation from 'double' to 'GLclampf'
       ClCompile:
         C:\Program Files (x86)\Microsoft Visual Studio 12.0\VC\bin\x86_amd64\CL.exe /c /ID:\dev\glm\include /ID:\dev\cudnn\include /ID:\dev\glfw\include /ID:\dev\glew\include /I"C:\Program Files\NVIDIA GPU Computing Toolkit\CUDA\v7.5\include" /I"C:\Program Files\NVIDIA GPU Computing Toolkit\CUDA\v7.5\include" /Zi /nologo /W3 /WX- /sdl /O2 /Oi /GL /D _MBCS /Gm- /EHsc /MD /GS /Gy /fp:precise /Zc:wchar_t /Zc:forScope /Fo"D:\Projects\UALR\Research\Experiments\Particles\CudaParticlesRender\CudaParticlesRender\x64\Release\\" /Fd"D:\Projects\UALR\Research\Experiments\Particles\CudaParticlesRender\CudaParticlesRender\x64\Release\vc120.pdb" /Gd /TP /errorReport:prompt main.cpp
         main.cpp
       Link:
         C:\Program Files (x86)\Microsoft Visual Studio 12.0\VC\bin\x86_amd64\link.exe /ERRORREPORT:PROMPT /OUT:"D:\Projects\UALR\Research\Experiments\Particles\CudaParticlesRender\CudaParticlesRender\x64\Release\CudaParticlesRender.exe" /NOLOGO /LIBPATH:D:\dev\cudnn\lib\x64 /LIBPATH:"D:\dev\glfw\lib-vc2013" /LIBPATH:D:\dev\glew\lib /LIBPATH:"C:\Program Files\NVIDIA GPU Computing Toolkit\CUDA\v7.5\lib\x64" /LIBPATH:"C:\Program Files\NVIDIA GPU Computing Toolkit\CUDA\v7.5\lib\x64" opengl32.lib glu32.lib glew32.lib glfw3.lib cuda.lib cudart.lib cudnn.lib kernel32.lib user32.lib gdi32.lib winspool.lib comdlg32.lib advapi32.lib shell32.lib ole32.lib oleaut32.lib uuid.lib odbc32.lib odbccp32.lib /MANIFEST /MANIFESTUAC:"level='asInvoker' uiAccess='false'" /manifest:embed /DEBUG /PDB:"D:\Projects\UALR\Research\Experiments\Particles\CudaParticlesRender\CudaParticlesRender\x64\Release\CudaParticlesRender.pdb" /SUBSYSTEM:CONSOLE /OPT:REF /OPT:ICF /LTCG /TLBID:1 /DYNAMICBASE /NXCOMPAT /IMPLIB:"D:\Projects\UALR\Research\Experiments\Particles\CudaParticlesRender\CudaParticlesRender\x64\Release\CudaParticlesRender.lib" /MACHINE:X64 D:\Projects\UALR\Research\Experiments\Particles\CudaParticlesRender\CudaParticlesRender\x64\Release\source.cu.obj
         D:\Projects\UALR\Research\Experiments\Particles\CudaParticlesRender\CudaParticlesRender\x64\Release\main.obj
         Generating code
         Finished generating code
         CudaParticlesRender.vcxproj -> D:\Projects\UALR\Research\Experiments\Particles\CudaParticlesRender\CudaParticlesRender\x64\Release\CudaParticlesRender.exe
     1>Done Building Project "D:\Projects\UALR\Research\Experiments\Particles\CudaParticlesRender\CudaParticlesRender\CudaParticlesRender.vcxproj" (Rebuild target(s)).

Build succeeded.

Time Elapsed 00:00:16.01
