d:\projects\ualr\research\experiments\cudaparticlesrender\cudaparticlesrender\x64\release\vc120.pdb
d:\projects\ualr\research\experiments\cudaparticlesrender\cudaparticlesrender\x64\release\main.obj
d:\projects\ualr\cudaparticlesrender\cudaparticlesrender\x64\release\cudaparticlesrender.exe
d:\projects\ualr\cudaparticlesrender\cudaparticlesrender\x64\release\cudaparticlesrender.pdb
d:\projects\ualr\research\cudaparticlesrender\cudaparticlesrender\x64\release\cudaparticlesrender.exe
d:\projects\ualr\research\cudaparticlesrender\cudaparticlesrender\x64\release\cudaparticlesrender.pdb
d:\projects\ualr\research\experiments\cudaparticlesrender\cudaparticlesrender\x64\release\cudaparticlesrender.exe
d:\projects\ualr\research\experiments\cudaparticlesrender\cudaparticlesrender\x64\release\cudaparticlesrender.pdb
d:\projects\ualr\research\experiments\particles\cudaparticlesrender\cudaparticlesrender\x64\release\source.cu.cache
d:\projects\ualr\research\experiments\particles\cudaparticlesrender\cudaparticlesrender\x64\release\main.obj
d:\projects\ualr\research\experiments\particles\cudaparticlesrender\cudaparticlesrender\x64\release\source.cu.obj
d:\projects\ualr\research\experiments\particles\cudaparticlesrender\cudaparticlesrender\x64\release\cudaparticlesrender.pdb
d:\projects\ualr\research\experiments\particles\cudaparticlesrender\cudaparticlesrender\x64\release\vc120.pdb
d:\projects\ualr\research\experiments\particles\cudaparticlesrender\cudaparticlesrender\x64\release\cudaparticlesrender.exe
d:\projects\ualr\research\experiments\particles\cudaparticlesrender\cudaparticlesrender\x64\release\cudapart.d10c8471.tlog\cl.command.1.tlog
d:\projects\ualr\research\experiments\particles\cudaparticlesrender\cudaparticlesrender\x64\release\cudapart.d10c8471.tlog\cl.read.1.tlog
d:\projects\ualr\research\experiments\particles\cudaparticlesrender\cudaparticlesrender\x64\release\cudapart.d10c8471.tlog\cl.write.1.tlog
d:\projects\ualr\research\experiments\particles\cudaparticlesrender\cudaparticlesrender\x64\release\cudapart.d10c8471.tlog\link.command.1.tlog
d:\projects\ualr\research\experiments\particles\cudaparticlesrender\cudaparticlesrender\x64\release\cudapart.d10c8471.tlog\link.read.1.tlog
d:\projects\ualr\research\experiments\particles\cudaparticlesrender\cudaparticlesrender\x64\release\cudapart.d10c8471.tlog\link.write.1.tlog
